[debug] [2020-12-31T15:20:04.210Z] ----------------------------------------------------------------------
[debug] [2020-12-31T15:20:04.212Z] Command:       C:\Program Files\nodejs\node.exe C:\Users\User\AppData\Roaming\npm\node_modules\firebase-tools\lib\bin\firebase.js emulators:start
[debug] [2020-12-31T15:20:04.213Z] CLI Version:   8.20.0
[debug] [2020-12-31T15:20:04.213Z] Platform:      win32
[debug] [2020-12-31T15:20:04.213Z] Node Version:  v14.15.3
[debug] [2020-12-31T15:20:04.214Z] Time:          Thu Dec 31 2020 22:20:04 GMT+0700 (Indochina Time)
[debug] [2020-12-31T15:20:04.214Z] ----------------------------------------------------------------------
[debug] [2020-12-31T15:20:04.214Z] 
[debug] [2020-12-31T15:20:04.222Z] > command requires scopes: ["email","openid","https://www.googleapis.com/auth/cloudplatformprojects.readonly","https://www.googleapis.com/auth/firebase","https://www.googleapis.com/auth/cloud-platform"]
[debug] [2020-12-31T15:20:04.222Z] > authorizing via signed-in user
[info] i  emulators: Starting emulators: auth, functions, firestore, hosting {"metadata":{"emulator":{"name":"hub"},"message":"Starting emulators: auth, functions, firestore, hosting"}}
[debug] [2020-12-31T15:20:04.255Z] [hub] writing locator at C:\Users\User\AppData\Local\Temp\hub-donate-me-d7d24.json
[warn] !  functions: The following emulators are not running, calls to these services from the Functions emulator will affect production: database, pubsub {"metadata":{"emulator":{"name":"functions"},"message":"The following emulators are not running, calls to these services from the Functions emulator will affect production: \u001b[1mdatabase, pubsub\u001b[22m"}}
[warn] !  Your requested "node" version "12" doesn't match your global version "14" {"metadata":{"emulator":{"name":"functions"},"message":"Your requested \"node\" version \"12\" doesn't match your global version \"14\""}}
[debug] [2020-12-31T15:20:04.287Z] defaultcredentials: writing to file C:\Users\User\AppData\Roaming\firebase\christoforusbimo_gmail_com_application_default_credentials.json
[debug] [2020-12-31T15:20:04.289Z] Setting GAC to C:\Users\User\AppData\Roaming\firebase\christoforusbimo_gmail_com_application_default_credentials.json {"metadata":{"emulator":{"name":"functions"},"message":"Setting GAC to C:\\Users\\User\\AppData\\Roaming\\firebase\\christoforusbimo_gmail_com_application_default_credentials.json"}}
[debug] [2020-12-31T15:20:04.298Z] Ignoring unsupported arg: projectId {"metadata":{"emulator":{"name":"firestore"},"message":"Ignoring unsupported arg: projectId"}}
[debug] [2020-12-31T15:20:04.298Z] Ignoring unsupported arg: auto_download {"metadata":{"emulator":{"name":"firestore"},"message":"Ignoring unsupported arg: auto_download"}}
[debug] [2020-12-31T15:20:04.298Z] Starting Firestore Emulator with command {"binary":"java","args":["-Dgoogle.cloud_firestore.debug_log_level=FINE","-Duser.language=en","-jar","C:\\Users\\User\\.cache\\firebase\\emulators\\cloud-firestore-emulator-v1.11.11.jar","--host","localhost","--port",8080,"--rules","C:\\Users\\User\\Documents\\CodingProjects\\donate-me\\firestore.rules","--functions_emulator","localhost:5001"],"optionalArgs":["port","webchannel_port","host","rules","functions_emulator","seed_from_export"],"joinArgs":false} {"metadata":{"emulator":{"name":"firestore"},"message":"Starting Firestore Emulator with command {\"binary\":\"java\",\"args\":[\"-Dgoogle.cloud_firestore.debug_log_level=FINE\",\"-Duser.language=en\",\"-jar\",\"C:\\\\Users\\\\User\\\\.cache\\\\firebase\\\\emulators\\\\cloud-firestore-emulator-v1.11.11.jar\",\"--host\",\"localhost\",\"--port\",8080,\"--rules\",\"C:\\\\Users\\\\User\\\\Documents\\\\CodingProjects\\\\donate-me\\\\firestore.rules\",\"--functions_emulator\",\"localhost:5001\"],\"optionalArgs\":[\"port\",\"webchannel_port\",\"host\",\"rules\",\"functions_emulator\",\"seed_from_export\"],\"joinArgs\":false}"}}
[info] i  firestore: Firestore Emulator logging to firestore-debug.log {"metadata":{"emulator":{"name":"firestore"},"message":"Firestore Emulator logging to \u001b[1mfirestore-debug.log\u001b[22m"}}
[debug] [2020-12-31T15:20:08.355Z] >>> HTTP REQUEST GET https://firebase.googleapis.com/v1beta1/projects/donate-me-d7d24/webApps/-/config  
 
[debug] [2020-12-31T15:20:09.604Z] <<< HTTP RESPONSE 200 {"content-type":"application/json; charset=UTF-8","vary":"X-Origin, Referer, Origin,Accept-Encoding","date":"Thu, 31 Dec 2020 15:21:33 GMT","server":"ESF","cache-control":"private","x-xss-protection":"0","x-frame-options":"SAMEORIGIN","x-content-type-options":"nosniff","alt-svc":"h3-29=\":443\"; ma=2592000,h3-T051=\":443\"; ma=2592000,h3-Q050=\":443\"; ma=2592000,h3-Q046=\":443\"; ma=2592000,h3-Q043=\":443\"; ma=2592000,quic=\":443\"; ma=2592000; v=\"46,43\"","accept-ranges":"none","transfer-encoding":"chunked"}
[info] i  hosting: Serving hosting files from: build {"metadata":{"emulator":{"name":"hosting"},"message":"Serving hosting files from: \u001b[1mbuild\u001b[22m"}}
[info] +  hosting: Local server: http://localhost:5000 {"metadata":{"emulator":{"name":"hosting"},"message":"Local server: \u001b[4m\u001b[1mhttp://localhost:5000\u001b[22m\u001b[24m"}}
[debug] [2020-12-31T15:20:09.642Z] Ignoring unsupported arg: auto_download {"metadata":{"emulator":{"name":"ui"},"message":"Ignoring unsupported arg: auto_download"}}
[debug] [2020-12-31T15:20:09.642Z] Ignoring unsupported arg: port {"metadata":{"emulator":{"name":"ui"},"message":"Ignoring unsupported arg: port"}}
[debug] [2020-12-31T15:20:09.642Z] Starting Emulator UI with command {"binary":"node","args":["C:\\Users\\User\\.cache\\firebase\\emulators\\ui-v1.4.0\\server.bundle.js"],"optionalArgs":[],"joinArgs":false} {"metadata":{"emulator":{"name":"ui"},"message":"Starting Emulator UI with command {\"binary\":\"node\",\"args\":[\"C:\\\\Users\\\\User\\\\.cache\\\\firebase\\\\emulators\\\\ui-v1.4.0\\\\server.bundle.js\"],\"optionalArgs\":[],\"joinArgs\":false}"}}
[info] i  ui: Emulator UI logging to ui-debug.log {"metadata":{"emulator":{"name":"ui"},"message":"Emulator UI logging to \u001b[1mui-debug.log\u001b[22m"}}
[debug] [2020-12-31T15:20:09.780Z] Web / API server started at http://localhost:4000
 {"metadata":{"emulator":{"name":"ui"},"message":"Web / API server started at http://localhost:4000\n"}}
[info] i  functions: Watching "C:\Users\User\Documents\CodingProjects\donate-me\functions" for Cloud Functions... {"metadata":{"emulator":{"name":"functions"},"message":"Watching \"C:\\Users\\User\\Documents\\CodingProjects\\donate-me\\functions\" for Cloud Functions..."}}
[debug] [2020-12-31T15:20:09.913Z] [worker-pool] addWorker(~diagnostic~) {"metadata":{"emulator":{"name":"functions"},"message":"[worker-pool] addWorker(~diagnostic~)"}}
[debug] [2020-12-31T15:20:09.914Z] [worker-pool] Adding worker with key ~diagnostic~, total=1 {"metadata":{"emulator":{"name":"functions"},"message":"[worker-pool] Adding worker with key ~diagnostic~, total=1"}}
[debug] [2020-12-31T15:20:09.914Z] [worker-pool] submitWork(triggerId=) {"metadata":{"emulator":{"name":"functions"},"message":"[worker-pool] submitWork(triggerId=)"}}
[debug] [2020-12-31T15:20:09.914Z] [worker-~diagnostic~-afbfe138-5754-4839-9920-00ad530b391c]: Assigning socketPath: \\?\pipe\C:\Users\User\Documents\CodingProjects\donate-me\functions\4368 {"metadata":{"emulator":{"name":"functions"},"message":"[worker-~diagnostic~-afbfe138-5754-4839-9920-00ad530b391c]: Assigning socketPath: \\\\?\\pipe\\C:\\Users\\User\\Documents\\CodingProjects\\donate-me\\functions\\4368"}}
[debug] [2020-12-31T15:20:09.914Z] [worker-~diagnostic~-afbfe138-5754-4839-9920-00ad530b391c]: BUSY {"metadata":{"emulator":{"name":"functions"},"message":"[worker-~diagnostic~-afbfe138-5754-4839-9920-00ad530b391c]: BUSY"}}
[debug] [2020-12-31T15:20:10.154Z] [runtime-status] [4368] Functions runtime initialized. {"cwd":"C:\\Users\\User\\Documents\\CodingProjects\\donate-me\\functions","node_version":"14.15.3"} {"metadata":{"emulator":{"name":"functions"},"message":"[runtime-status] [4368] Functions runtime initialized. {\"cwd\":\"C:\\\\Users\\\\User\\\\Documents\\\\CodingProjects\\\\donate-me\\\\functions\",\"node_version\":\"14.15.3\"}"}}
[debug] [2020-12-31T15:20:10.156Z] [runtime-status] [4368] Disabled runtime features: undefined {"metadata":{"emulator":{"name":"functions"},"message":"[runtime-status] [4368] Disabled runtime features: undefined"}}
[debug] [2020-12-31T15:20:10.160Z] [runtime-status] [4368] Resolved module firebase-admin {"declared":true,"installed":true,"version":"9.4.2","resolution":"C:\\Users\\User\\Documents\\CodingProjects\\donate-me\\functions\\node_modules\\firebase-admin\\lib\\index.js"} {"metadata":{"emulator":{"name":"functions"},"message":"[runtime-status] [4368] Resolved module firebase-admin {\"declared\":true,\"installed\":true,\"version\":\"9.4.2\",\"resolution\":\"C:\\\\Users\\\\User\\\\Documents\\\\CodingProjects\\\\donate-me\\\\functions\\\\node_modules\\\\firebase-admin\\\\lib\\\\index.js\"}"}}
[debug] [2020-12-31T15:20:10.162Z] [runtime-status] [4368] Resolved module firebase-functions {"declared":true,"installed":true,"version":"3.13.0","resolution":"C:\\Users\\User\\Documents\\CodingProjects\\donate-me\\functions\\node_modules\\firebase-functions\\lib\\index.js"} {"metadata":{"emulator":{"name":"functions"},"message":"[runtime-status] [4368] Resolved module firebase-functions {\"declared\":true,\"installed\":true,\"version\":\"3.13.0\",\"resolution\":\"C:\\\\Users\\\\User\\\\Documents\\\\CodingProjects\\\\donate-me\\\\functions\\\\node_modules\\\\firebase-functions\\\\lib\\\\index.js\"}"}}
[debug] [2020-12-31T15:20:10.164Z] [runtime-status] [4368] Resolved module firebase-functions {"declared":true,"installed":true,"version":"3.13.0","resolution":"C:\\Users\\User\\Documents\\CodingProjects\\donate-me\\functions\\node_modules\\firebase-functions\\lib\\index.js"} {"metadata":{"emulator":{"name":"functions"},"message":"[runtime-status] [4368] Resolved module firebase-functions {\"declared\":true,\"installed\":true,\"version\":\"3.13.0\",\"resolution\":\"C:\\\\Users\\\\User\\\\Documents\\\\CodingProjects\\\\donate-me\\\\functions\\\\node_modules\\\\firebase-functions\\\\lib\\\\index.js\"}"}}
[debug] [2020-12-31T15:20:10.166Z] [runtime-status] [4368] Outgoing network have been stubbed. [{"name":"http","status":"mocked"},{"name":"http","status":"mocked"},{"name":"https","status":"mocked"},{"name":"https","status":"mocked"},{"name":"net","status":"mocked"}] {"metadata":{"emulator":{"name":"functions"},"message":"[runtime-status] [4368] Outgoing network have been stubbed. [{\"name\":\"http\",\"status\":\"mocked\"},{\"name\":\"http\",\"status\":\"mocked\"},{\"name\":\"https\",\"status\":\"mocked\"},{\"name\":\"https\",\"status\":\"mocked\"},{\"name\":\"net\",\"status\":\"mocked\"}]"}}
[debug] [2020-12-31T15:20:10.167Z] [runtime-status] [4368] Resolved module firebase-functions {"declared":true,"installed":true,"version":"3.13.0","resolution":"C:\\Users\\User\\Documents\\CodingProjects\\donate-me\\functions\\node_modules\\firebase-functions\\lib\\index.js"} {"metadata":{"emulator":{"name":"functions"},"message":"[runtime-status] [4368] Resolved module firebase-functions {\"declared\":true,\"installed\":true,\"version\":\"3.13.0\",\"resolution\":\"C:\\\\Users\\\\User\\\\Documents\\\\CodingProjects\\\\donate-me\\\\functions\\\\node_modules\\\\firebase-functions\\\\lib\\\\index.js\"}"}}
[debug] [2020-12-31T15:20:10.245Z] [runtime-status] [4368] Checked functions.config() {"config":{}} {"metadata":{"emulator":{"name":"functions"},"message":"[runtime-status] [4368] Checked functions.config() {\"config\":{}}"}}
[debug] [2020-12-31T15:20:10.246Z] [runtime-status] [4368] firebase-functions has been stubbed. {"functionsResolution":{"declared":true,"installed":true,"version":"3.13.0","resolution":"C:\\Users\\User\\Documents\\CodingProjects\\donate-me\\functions\\node_modules\\firebase-functions\\lib\\index.js"}} {"metadata":{"emulator":{"name":"functions"},"message":"[runtime-status] [4368] firebase-functions has been stubbed. {\"functionsResolution\":{\"declared\":true,\"installed\":true,\"version\":\"3.13.0\",\"resolution\":\"C:\\\\Users\\\\User\\\\Documents\\\\CodingProjects\\\\donate-me\\\\functions\\\\node_modules\\\\firebase-functions\\\\lib\\\\index.js\"}}"}}
[debug] [2020-12-31T15:20:10.246Z] [runtime-status] [4368] Resolved module firebase-functions {"declared":true,"installed":true,"version":"3.13.0","resolution":"C:\\Users\\User\\Documents\\CodingProjects\\donate-me\\functions\\node_modules\\firebase-functions\\lib\\index.js"} {"metadata":{"emulator":{"name":"functions"},"message":"[runtime-status] [4368] Resolved module firebase-functions {\"declared\":true,\"installed\":true,\"version\":\"3.13.0\",\"resolution\":\"C:\\\\Users\\\\User\\\\Documents\\\\CodingProjects\\\\donate-me\\\\functions\\\\node_modules\\\\firebase-functions\\\\lib\\\\index.js\"}"}}
[debug] [2020-12-31T15:20:10.248Z] [runtime-status] [4368] Resolved module firebase-admin {"declared":true,"installed":true,"version":"9.4.2","resolution":"C:\\Users\\User\\Documents\\CodingProjects\\donate-me\\functions\\node_modules\\firebase-admin\\lib\\index.js"} {"metadata":{"emulator":{"name":"functions"},"message":"[runtime-status] [4368] Resolved module firebase-admin {\"declared\":true,\"installed\":true,\"version\":\"9.4.2\",\"resolution\":\"C:\\\\Users\\\\User\\\\Documents\\\\CodingProjects\\\\donate-me\\\\functions\\\\node_modules\\\\firebase-admin\\\\lib\\\\index.js\"}"}}
[debug] [2020-12-31T15:20:10.248Z] [runtime-status] [4368] Resolved module firebase-functions {"declared":true,"installed":true,"version":"3.13.0","resolution":"C:\\Users\\User\\Documents\\CodingProjects\\donate-me\\functions\\node_modules\\firebase-functions\\lib\\index.js"} {"metadata":{"emulator":{"name":"functions"},"message":"[runtime-status] [4368] Resolved module firebase-functions {\"declared\":true,\"installed\":true,\"version\":\"3.13.0\",\"resolution\":\"C:\\\\Users\\\\User\\\\Documents\\\\CodingProjects\\\\donate-me\\\\functions\\\\node_modules\\\\firebase-functions\\\\lib\\\\index.js\"}"}}
[debug] [2020-12-31T15:20:10.249Z] [runtime-status] [4368] firebase-admin has been stubbed. {"adminResolution":{"declared":true,"installed":true,"version":"9.4.2","resolution":"C:\\Users\\User\\Documents\\CodingProjects\\donate-me\\functions\\node_modules\\firebase-admin\\lib\\index.js"}} {"metadata":{"emulator":{"name":"functions"},"message":"[runtime-status] [4368] firebase-admin has been stubbed. {\"adminResolution\":{\"declared\":true,\"installed\":true,\"version\":\"9.4.2\",\"resolution\":\"C:\\\\Users\\\\User\\\\Documents\\\\CodingProjects\\\\donate-me\\\\functions\\\\node_modules\\\\firebase-admin\\\\lib\\\\index.js\"}}"}}
[info] +  functions[sayHello]: http function initialized (http://localhost:5001/donate-me-d7d24/us-central1/sayHello). {"metadata":{"emulator":{"name":"functions"},"message":"\u001b[1mhttp\u001b[22m function initialized (http://localhost:5001/donate-me-d7d24/us-central1/sayHello)."}}
[info] 
┌─────────────────────────────────────────────────────────────┐
│ ✔  All emulators ready! It is now safe to connect your app. │
│ i  View Emulator UI at http://localhost:4000                │
└─────────────────────────────────────────────────────────────┘

┌────────────────┬────────────────┬─────────────────────────────────┐
│ Emulator       │ Host:Port      │ View in Emulator UI             │
├────────────────┼────────────────┼─────────────────────────────────┤
│ Authentication │ localhost:9099 │ http://localhost:4000/auth      │
├────────────────┼────────────────┼─────────────────────────────────┤
│ Functions      │ localhost:5001 │ http://localhost:4000/functions │
├────────────────┼────────────────┼─────────────────────────────────┤
│ Firestore      │ localhost:8080 │ http://localhost:4000/firestore │
├────────────────┼────────────────┼─────────────────────────────────┤
│ Hosting        │ localhost:5000 │ n/a                             │
└────────────────┴────────────────┴─────────────────────────────────┘
  Emulator Hub running at localhost:4400
  Other reserved ports: 4500

Issues? Report them at https://github.com/firebase/firebase-tools/issues and attach the *-debug.log files.
 
[debug] [2020-12-31T15:20:10.264Z] [worker-~diagnostic~-afbfe138-5754-4839-9920-00ad530b391c]: IDLE {"metadata":{"emulator":{"name":"functions"},"message":"[worker-~diagnostic~-afbfe138-5754-4839-9920-00ad530b391c]: IDLE"}}
[debug] [2020-12-31T15:21:59.005Z] [work-queue] {"queueLength":1,"workRunningCount":0}
[debug] [2020-12-31T15:21:59.005Z] [work-queue] {"queueLength":0,"workRunningCount":1}
[debug] [2020-12-31T15:21:59.006Z] Accepted request OPTIONS /donate-me-d7d24/us-central1/sayHello --> sayHello
[debug] [2020-12-31T15:21:59.010Z] [worker-pool] addWorker(sayHello) {"metadata":{"emulator":{"name":"functions"},"message":"[worker-pool] addWorker(sayHello)"}}
[debug] [2020-12-31T15:21:59.010Z] [worker-pool] Adding worker with key sayHello, total=1 {"metadata":{"emulator":{"name":"functions"},"message":"[worker-pool] Adding worker with key sayHello, total=1"}}
[debug] [2020-12-31T15:21:59.011Z] [worker-pool] submitWork(triggerId=sayHello) {"metadata":{"emulator":{"name":"functions"},"message":"[worker-pool] submitWork(triggerId=sayHello)"}}
[debug] [2020-12-31T15:21:59.011Z] [worker-sayHello-01b6d89e-5b26-4c92-9bef-fd74bd6e5f5b]: Assigning socketPath: \\?\pipe\C:\Users\User\Documents\CodingProjects\donate-me\functions\4676 {"metadata":{"emulator":{"name":"functions"},"message":"[worker-sayHello-01b6d89e-5b26-4c92-9bef-fd74bd6e5f5b]: Assigning socketPath: \\\\?\\pipe\\C:\\Users\\User\\Documents\\CodingProjects\\donate-me\\functions\\4676"}}
[debug] [2020-12-31T15:21:59.011Z] [worker-sayHello-01b6d89e-5b26-4c92-9bef-fd74bd6e5f5b]: BUSY {"metadata":{"emulator":{"name":"functions"},"message":"[worker-sayHello-01b6d89e-5b26-4c92-9bef-fd74bd6e5f5b]: BUSY"}}
[debug] [2020-12-31T15:21:59.245Z] [runtime-status] [4676] Functions runtime initialized. {"cwd":"C:\\Users\\User\\Documents\\CodingProjects\\donate-me\\functions","node_version":"14.15.3"} {"metadata":{"emulator":{"name":"functions"},"function":{"name":"sayHello"},"message":"[runtime-status] [4676] Functions runtime initialized. {\"cwd\":\"C:\\\\Users\\\\User\\\\Documents\\\\CodingProjects\\\\donate-me\\\\functions\",\"node_version\":\"14.15.3\"}"}}
[debug] [2020-12-31T15:21:59.248Z] [runtime-status] [4676] Disabled runtime features: undefined {"metadata":{"emulator":{"name":"functions"},"function":{"name":"sayHello"},"message":"[runtime-status] [4676] Disabled runtime features: undefined"}}
[debug] [2020-12-31T15:21:59.252Z] [runtime-status] [4676] Resolved module firebase-admin {"declared":true,"installed":true,"version":"9.4.2","resolution":"C:\\Users\\User\\Documents\\CodingProjects\\donate-me\\functions\\node_modules\\firebase-admin\\lib\\index.js"} {"metadata":{"emulator":{"name":"functions"},"function":{"name":"sayHello"},"message":"[runtime-status] [4676] Resolved module firebase-admin {\"declared\":true,\"installed\":true,\"version\":\"9.4.2\",\"resolution\":\"C:\\\\Users\\\\User\\\\Documents\\\\CodingProjects\\\\donate-me\\\\functions\\\\node_modules\\\\firebase-admin\\\\lib\\\\index.js\"}"}}
[debug] [2020-12-31T15:21:59.254Z] [runtime-status] [4676] Resolved module firebase-functions {"declared":true,"installed":true,"version":"3.13.0","resolution":"C:\\Users\\User\\Documents\\CodingProjects\\donate-me\\functions\\node_modules\\firebase-functions\\lib\\index.js"} {"metadata":{"emulator":{"name":"functions"},"function":{"name":"sayHello"},"message":"[runtime-status] [4676] Resolved module firebase-functions {\"declared\":true,\"installed\":true,\"version\":\"3.13.0\",\"resolution\":\"C:\\\\Users\\\\User\\\\Documents\\\\CodingProjects\\\\donate-me\\\\functions\\\\node_modules\\\\firebase-functions\\\\lib\\\\index.js\"}"}}
[debug] [2020-12-31T15:21:59.256Z] [runtime-status] [4676] Resolved module firebase-functions {"declared":true,"installed":true,"version":"3.13.0","resolution":"C:\\Users\\User\\Documents\\CodingProjects\\donate-me\\functions\\node_modules\\firebase-functions\\lib\\index.js"} {"metadata":{"emulator":{"name":"functions"},"function":{"name":"sayHello"},"message":"[runtime-status] [4676] Resolved module firebase-functions {\"declared\":true,\"installed\":true,\"version\":\"3.13.0\",\"resolution\":\"C:\\\\Users\\\\User\\\\Documents\\\\CodingProjects\\\\donate-me\\\\functions\\\\node_modules\\\\firebase-functions\\\\lib\\\\index.js\"}"}}
[debug] [2020-12-31T15:21:59.258Z] [runtime-status] [4676] Outgoing network have been stubbed. [{"name":"http","status":"mocked"},{"name":"http","status":"mocked"},{"name":"https","status":"mocked"},{"name":"https","status":"mocked"},{"name":"net","status":"mocked"}] {"metadata":{"emulator":{"name":"functions"},"function":{"name":"sayHello"},"message":"[runtime-status] [4676] Outgoing network have been stubbed. [{\"name\":\"http\",\"status\":\"mocked\"},{\"name\":\"http\",\"status\":\"mocked\"},{\"name\":\"https\",\"status\":\"mocked\"},{\"name\":\"https\",\"status\":\"mocked\"},{\"name\":\"net\",\"status\":\"mocked\"}]"}}
[debug] [2020-12-31T15:21:59.259Z] [runtime-status] [4676] Resolved module firebase-functions {"declared":true,"installed":true,"version":"3.13.0","resolution":"C:\\Users\\User\\Documents\\CodingProjects\\donate-me\\functions\\node_modules\\firebase-functions\\lib\\index.js"} {"metadata":{"emulator":{"name":"functions"},"function":{"name":"sayHello"},"message":"[runtime-status] [4676] Resolved module firebase-functions {\"declared\":true,\"installed\":true,\"version\":\"3.13.0\",\"resolution\":\"C:\\\\Users\\\\User\\\\Documents\\\\CodingProjects\\\\donate-me\\\\functions\\\\node_modules\\\\firebase-functions\\\\lib\\\\index.js\"}"}}
[debug] [2020-12-31T15:21:59.313Z] [runtime-status] [4676] Checked functions.config() {"config":{}} {"metadata":{"emulator":{"name":"functions"},"function":{"name":"sayHello"},"message":"[runtime-status] [4676] Checked functions.config() {\"config\":{}}"}}
[debug] [2020-12-31T15:21:59.314Z] [runtime-status] [4676] firebase-functions has been stubbed. {"functionsResolution":{"declared":true,"installed":true,"version":"3.13.0","resolution":"C:\\Users\\User\\Documents\\CodingProjects\\donate-me\\functions\\node_modules\\firebase-functions\\lib\\index.js"}} {"metadata":{"emulator":{"name":"functions"},"function":{"name":"sayHello"},"message":"[runtime-status] [4676] firebase-functions has been stubbed. {\"functionsResolution\":{\"declared\":true,\"installed\":true,\"version\":\"3.13.0\",\"resolution\":\"C:\\\\Users\\\\User\\\\Documents\\\\CodingProjects\\\\donate-me\\\\functions\\\\node_modules\\\\firebase-functions\\\\lib\\\\index.js\"}}"}}
[debug] [2020-12-31T15:21:59.314Z] [runtime-status] [4676] Resolved module firebase-functions {"declared":true,"installed":true,"version":"3.13.0","resolution":"C:\\Users\\User\\Documents\\CodingProjects\\donate-me\\functions\\node_modules\\firebase-functions\\lib\\index.js"} {"metadata":{"emulator":{"name":"functions"},"function":{"name":"sayHello"},"message":"[runtime-status] [4676] Resolved module firebase-functions {\"declared\":true,\"installed\":true,\"version\":\"3.13.0\",\"resolution\":\"C:\\\\Users\\\\User\\\\Documents\\\\CodingProjects\\\\donate-me\\\\functions\\\\node_modules\\\\firebase-functions\\\\lib\\\\index.js\"}"}}
[debug] [2020-12-31T15:21:59.316Z] [runtime-status] [4676] Resolved module firebase-admin {"declared":true,"installed":true,"version":"9.4.2","resolution":"C:\\Users\\User\\Documents\\CodingProjects\\donate-me\\functions\\node_modules\\firebase-admin\\lib\\index.js"} {"metadata":{"emulator":{"name":"functions"},"function":{"name":"sayHello"},"message":"[runtime-status] [4676] Resolved module firebase-admin {\"declared\":true,\"installed\":true,\"version\":\"9.4.2\",\"resolution\":\"C:\\\\Users\\\\User\\\\Documents\\\\CodingProjects\\\\donate-me\\\\functions\\\\node_modules\\\\firebase-admin\\\\lib\\\\index.js\"}"}}
[debug] [2020-12-31T15:21:59.316Z] [runtime-status] [4676] Resolved module firebase-functions {"declared":true,"installed":true,"version":"3.13.0","resolution":"C:\\Users\\User\\Documents\\CodingProjects\\donate-me\\functions\\node_modules\\firebase-functions\\lib\\index.js"} {"metadata":{"emulator":{"name":"functions"},"function":{"name":"sayHello"},"message":"[runtime-status] [4676] Resolved module firebase-functions {\"declared\":true,\"installed\":true,\"version\":\"3.13.0\",\"resolution\":\"C:\\\\Users\\\\User\\\\Documents\\\\CodingProjects\\\\donate-me\\\\functions\\\\node_modules\\\\firebase-functions\\\\lib\\\\index.js\"}"}}
[debug] [2020-12-31T15:21:59.317Z] [runtime-status] [4676] firebase-admin has been stubbed. {"adminResolution":{"declared":true,"installed":true,"version":"9.4.2","resolution":"C:\\Users\\User\\Documents\\CodingProjects\\donate-me\\functions\\node_modules\\firebase-admin\\lib\\index.js"}} {"metadata":{"emulator":{"name":"functions"},"function":{"name":"sayHello"},"message":"[runtime-status] [4676] firebase-admin has been stubbed. {\"adminResolution\":{\"declared\":true,\"installed\":true,\"version\":\"9.4.2\",\"resolution\":\"C:\\\\Users\\\\User\\\\Documents\\\\CodingProjects\\\\donate-me\\\\functions\\\\node_modules\\\\firebase-admin\\\\lib\\\\index.js\"}}"}}
[debug] [2020-12-31T15:21:59.319Z] [runtime-status] [4676] Trigger "sayHello" has been found, beginning invocation! {"metadata":{"emulator":{"name":"functions"},"function":{"name":"sayHello"},"message":"[runtime-status] [4676] Trigger \"sayHello\" has been found, beginning invocation!"}}
[info] i  functions: Beginning execution of "sayHello" {"metadata":{"emulator":{"name":"functions"},"function":{"name":"sayHello"},"message":"Beginning execution of \"sayHello\""}}
[debug] [2020-12-31T15:21:59.321Z] [runtime-status] [4676] triggerDefinition {"httpsTrigger":{},"labels":{"deployment-callable":"true"},"name":"sayHello","entryPoint":"sayHello"} {"metadata":{"emulator":{"name":"functions"},"function":{"name":"sayHello"},"message":"[runtime-status] [4676] triggerDefinition {\"httpsTrigger\":{},\"labels\":{\"deployment-callable\":\"true\"},\"name\":\"sayHello\",\"entryPoint\":\"sayHello\"}"}}
[debug] [2020-12-31T15:21:59.321Z] [runtime-status] [4676] Running sayHello in mode HTTPS {"metadata":{"emulator":{"name":"functions"},"function":{"name":"sayHello"},"message":"[runtime-status] [4676] Running sayHello in mode HTTPS"}}
[debug] [2020-12-31T15:21:59.326Z] [runtime-status] [4676] Attempting to listen to socketPath: \\?\pipe\C:\Users\User\Documents\CodingProjects\donate-me\functions\4676 {"metadata":{"emulator":{"name":"functions"},"function":{"name":"sayHello"},"message":"[runtime-status] [4676] Attempting to listen to socketPath: \\\\?\\pipe\\C:\\Users\\User\\Documents\\CodingProjects\\donate-me\\functions\\4676"}}
[debug] [2020-12-31T15:21:59.330Z] [functions] Runtime ready! Sending request! {"metadata":{"emulator":{"name":"functions"},"message":"[functions] Runtime ready! Sending request!"}}
[debug] [2020-12-31T15:21:59.337Z] [runtime-status] [4676] Ephemeral server handling OPTIONS request {"metadata":{"emulator":{"name":"functions"},"function":{"name":"sayHello"},"message":"[runtime-status] [4676] Ephemeral server handling OPTIONS request"}}
[debug] [2020-12-31T15:21:59.342Z] [runtime-status] [4676] Ephemeral server survived. {"metadata":{"emulator":{"name":"functions"},"function":{"name":"sayHello"},"message":"[runtime-status] [4676] Ephemeral server survived."}}
[debug] [2020-12-31T15:21:59.343Z] [work-queue] {"queueLength":1,"workRunningCount":1}
[debug] [2020-12-31T15:21:59.344Z] [work-queue] {"queueLength":0,"workRunningCount":2}
[debug] [2020-12-31T15:21:59.344Z] Accepted request POST /donate-me-d7d24/us-central1/sayHello --> sayHello
[debug] [2020-12-31T15:21:59.348Z] [worker-pool] addWorker(sayHello) {"metadata":{"emulator":{"name":"functions"},"message":"[worker-pool] addWorker(sayHello)"}}
[debug] [2020-12-31T15:21:59.348Z] [worker-pool] Adding worker with key sayHello, total=2 {"metadata":{"emulator":{"name":"functions"},"message":"[worker-pool] Adding worker with key sayHello, total=2"}}
[debug] [2020-12-31T15:21:59.348Z] [worker-pool] submitWork(triggerId=sayHello) {"metadata":{"emulator":{"name":"functions"},"message":"[worker-pool] submitWork(triggerId=sayHello)"}}
[debug] [2020-12-31T15:21:59.349Z] [worker-sayHello-8bec3dc9-e0a1-46a9-b28c-5b006ce25fae]: Assigning socketPath: \\?\pipe\C:\Users\User\Documents\CodingProjects\donate-me\functions\1348 {"metadata":{"emulator":{"name":"functions"},"message":"[worker-sayHello-8bec3dc9-e0a1-46a9-b28c-5b006ce25fae]: Assigning socketPath: \\\\?\\pipe\\C:\\Users\\User\\Documents\\CodingProjects\\donate-me\\functions\\1348"}}
[debug] [2020-12-31T15:21:59.349Z] [worker-sayHello-8bec3dc9-e0a1-46a9-b28c-5b006ce25fae]: BUSY {"metadata":{"emulator":{"name":"functions"},"message":"[worker-sayHello-8bec3dc9-e0a1-46a9-b28c-5b006ce25fae]: BUSY"}}
[info] i  functions: Finished "sayHello" in ~1s {"metadata":{"emulator":{"name":"functions"},"function":{"name":"sayHello"},"message":"Finished \"sayHello\" in ~1s"}}
[debug] [2020-12-31T15:21:59.350Z] [worker-sayHello-01b6d89e-5b26-4c92-9bef-fd74bd6e5f5b]: IDLE {"metadata":{"emulator":{"name":"functions"},"message":"[worker-sayHello-01b6d89e-5b26-4c92-9bef-fd74bd6e5f5b]: IDLE"}}
[debug] [2020-12-31T15:21:59.351Z] [work-queue] {"queueLength":0,"workRunningCount":1}
[debug] [2020-12-31T15:21:59.591Z] [runtime-status] [1348] Functions runtime initialized. {"cwd":"C:\\Users\\User\\Documents\\CodingProjects\\donate-me\\functions","node_version":"14.15.3"} {"metadata":{"emulator":{"name":"functions"},"function":{"name":"sayHello"},"message":"[runtime-status] [1348] Functions runtime initialized. {\"cwd\":\"C:\\\\Users\\\\User\\\\Documents\\\\CodingProjects\\\\donate-me\\\\functions\",\"node_version\":\"14.15.3\"}"}}
[debug] [2020-12-31T15:21:59.594Z] [runtime-status] [1348] Disabled runtime features: undefined {"metadata":{"emulator":{"name":"functions"},"function":{"name":"sayHello"},"message":"[runtime-status] [1348] Disabled runtime features: undefined"}}
[debug] [2020-12-31T15:21:59.598Z] [runtime-status] [1348] Resolved module firebase-admin {"declared":true,"installed":true,"version":"9.4.2","resolution":"C:\\Users\\User\\Documents\\CodingProjects\\donate-me\\functions\\node_modules\\firebase-admin\\lib\\index.js"} {"metadata":{"emulator":{"name":"functions"},"function":{"name":"sayHello"},"message":"[runtime-status] [1348] Resolved module firebase-admin {\"declared\":true,\"installed\":true,\"version\":\"9.4.2\",\"resolution\":\"C:\\\\Users\\\\User\\\\Documents\\\\CodingProjects\\\\donate-me\\\\functions\\\\node_modules\\\\firebase-admin\\\\lib\\\\index.js\"}"}}
[debug] [2020-12-31T15:21:59.600Z] [runtime-status] [1348] Resolved module firebase-functions {"declared":true,"installed":true,"version":"3.13.0","resolution":"C:\\Users\\User\\Documents\\CodingProjects\\donate-me\\functions\\node_modules\\firebase-functions\\lib\\index.js"} {"metadata":{"emulator":{"name":"functions"},"function":{"name":"sayHello"},"message":"[runtime-status] [1348] Resolved module firebase-functions {\"declared\":true,\"installed\":true,\"version\":\"3.13.0\",\"resolution\":\"C:\\\\Users\\\\User\\\\Documents\\\\CodingProjects\\\\donate-me\\\\functions\\\\node_modules\\\\firebase-functions\\\\lib\\\\index.js\"}"}}
[debug] [2020-12-31T15:21:59.602Z] [runtime-status] [1348] Resolved module firebase-functions {"declared":true,"installed":true,"version":"3.13.0","resolution":"C:\\Users\\User\\Documents\\CodingProjects\\donate-me\\functions\\node_modules\\firebase-functions\\lib\\index.js"} {"metadata":{"emulator":{"name":"functions"},"function":{"name":"sayHello"},"message":"[runtime-status] [1348] Resolved module firebase-functions {\"declared\":true,\"installed\":true,\"version\":\"3.13.0\",\"resolution\":\"C:\\\\Users\\\\User\\\\Documents\\\\CodingProjects\\\\donate-me\\\\functions\\\\node_modules\\\\firebase-functions\\\\lib\\\\index.js\"}"}}
[debug] [2020-12-31T15:21:59.604Z] [runtime-status] [1348] Outgoing network have been stubbed. [{"name":"http","status":"mocked"},{"name":"http","status":"mocked"},{"name":"https","status":"mocked"},{"name":"https","status":"mocked"},{"name":"net","status":"mocked"}] {"metadata":{"emulator":{"name":"functions"},"function":{"name":"sayHello"},"message":"[runtime-status] [1348] Outgoing network have been stubbed. [{\"name\":\"http\",\"status\":\"mocked\"},{\"name\":\"http\",\"status\":\"mocked\"},{\"name\":\"https\",\"status\":\"mocked\"},{\"name\":\"https\",\"status\":\"mocked\"},{\"name\":\"net\",\"status\":\"mocked\"}]"}}
[debug] [2020-12-31T15:21:59.605Z] [runtime-status] [1348] Resolved module firebase-functions {"declared":true,"installed":true,"version":"3.13.0","resolution":"C:\\Users\\User\\Documents\\CodingProjects\\donate-me\\functions\\node_modules\\firebase-functions\\lib\\index.js"} {"metadata":{"emulator":{"name":"functions"},"function":{"name":"sayHello"},"message":"[runtime-status] [1348] Resolved module firebase-functions {\"declared\":true,\"installed\":true,\"version\":\"3.13.0\",\"resolution\":\"C:\\\\Users\\\\User\\\\Documents\\\\CodingProjects\\\\donate-me\\\\functions\\\\node_modules\\\\firebase-functions\\\\lib\\\\index.js\"}"}}
[debug] [2020-12-31T15:21:59.661Z] [runtime-status] [1348] Checked functions.config() {"config":{}} {"metadata":{"emulator":{"name":"functions"},"function":{"name":"sayHello"},"message":"[runtime-status] [1348] Checked functions.config() {\"config\":{}}"}}
[debug] [2020-12-31T15:21:59.661Z] [runtime-status] [1348] firebase-functions has been stubbed. {"functionsResolution":{"declared":true,"installed":true,"version":"3.13.0","resolution":"C:\\Users\\User\\Documents\\CodingProjects\\donate-me\\functions\\node_modules\\firebase-functions\\lib\\index.js"}} {"metadata":{"emulator":{"name":"functions"},"function":{"name":"sayHello"},"message":"[runtime-status] [1348] firebase-functions has been stubbed. {\"functionsResolution\":{\"declared\":true,\"installed\":true,\"version\":\"3.13.0\",\"resolution\":\"C:\\\\Users\\\\User\\\\Documents\\\\CodingProjects\\\\donate-me\\\\functions\\\\node_modules\\\\firebase-functions\\\\lib\\\\index.js\"}}"}}
[debug] [2020-12-31T15:21:59.662Z] [runtime-status] [1348] Resolved module firebase-functions {"declared":true,"installed":true,"version":"3.13.0","resolution":"C:\\Users\\User\\Documents\\CodingProjects\\donate-me\\functions\\node_modules\\firebase-functions\\lib\\index.js"} {"metadata":{"emulator":{"name":"functions"},"function":{"name":"sayHello"},"message":"[runtime-status] [1348] Resolved module firebase-functions {\"declared\":true,\"installed\":true,\"version\":\"3.13.0\",\"resolution\":\"C:\\\\Users\\\\User\\\\Documents\\\\CodingProjects\\\\donate-me\\\\functions\\\\node_modules\\\\firebase-functions\\\\lib\\\\index.js\"}"}}
[debug] [2020-12-31T15:21:59.664Z] [runtime-status] [1348] Resolved module firebase-admin {"declared":true,"installed":true,"version":"9.4.2","resolution":"C:\\Users\\User\\Documents\\CodingProjects\\donate-me\\functions\\node_modules\\firebase-admin\\lib\\index.js"} {"metadata":{"emulator":{"name":"functions"},"function":{"name":"sayHello"},"message":"[runtime-status] [1348] Resolved module firebase-admin {\"declared\":true,\"installed\":true,\"version\":\"9.4.2\",\"resolution\":\"C:\\\\Users\\\\User\\\\Documents\\\\CodingProjects\\\\donate-me\\\\functions\\\\node_modules\\\\firebase-admin\\\\lib\\\\index.js\"}"}}
[debug] [2020-12-31T15:21:59.664Z] [runtime-status] [1348] Resolved module firebase-functions {"declared":true,"installed":true,"version":"3.13.0","resolution":"C:\\Users\\User\\Documents\\CodingProjects\\donate-me\\functions\\node_modules\\firebase-functions\\lib\\index.js"} {"metadata":{"emulator":{"name":"functions"},"function":{"name":"sayHello"},"message":"[runtime-status] [1348] Resolved module firebase-functions {\"declared\":true,\"installed\":true,\"version\":\"3.13.0\",\"resolution\":\"C:\\\\Users\\\\User\\\\Documents\\\\CodingProjects\\\\donate-me\\\\functions\\\\node_modules\\\\firebase-functions\\\\lib\\\\index.js\"}"}}
[debug] [2020-12-31T15:21:59.665Z] [runtime-status] [1348] firebase-admin has been stubbed. {"adminResolution":{"declared":true,"installed":true,"version":"9.4.2","resolution":"C:\\Users\\User\\Documents\\CodingProjects\\donate-me\\functions\\node_modules\\firebase-admin\\lib\\index.js"}} {"metadata":{"emulator":{"name":"functions"},"function":{"name":"sayHello"},"message":"[runtime-status] [1348] firebase-admin has been stubbed. {\"adminResolution\":{\"declared\":true,\"installed\":true,\"version\":\"9.4.2\",\"resolution\":\"C:\\\\Users\\\\User\\\\Documents\\\\CodingProjects\\\\donate-me\\\\functions\\\\node_modules\\\\firebase-admin\\\\lib\\\\index.js\"}}"}}
[debug] [2020-12-31T15:21:59.667Z] [runtime-status] [1348] Trigger "sayHello" has been found, beginning invocation! {"metadata":{"emulator":{"name":"functions"},"function":{"name":"sayHello"},"message":"[runtime-status] [1348] Trigger \"sayHello\" has been found, beginning invocation!"}}
[info] i  functions: Beginning execution of "sayHello" {"metadata":{"emulator":{"name":"functions"},"function":{"name":"sayHello"},"message":"Beginning execution of \"sayHello\""}}
[debug] [2020-12-31T15:21:59.668Z] [runtime-status] [1348] triggerDefinition {"httpsTrigger":{},"labels":{"deployment-callable":"true"},"name":"sayHello","entryPoint":"sayHello"} {"metadata":{"emulator":{"name":"functions"},"function":{"name":"sayHello"},"message":"[runtime-status] [1348] triggerDefinition {\"httpsTrigger\":{},\"labels\":{\"deployment-callable\":\"true\"},\"name\":\"sayHello\",\"entryPoint\":\"sayHello\"}"}}
[debug] [2020-12-31T15:21:59.669Z] [runtime-status] [1348] Running sayHello in mode HTTPS {"metadata":{"emulator":{"name":"functions"},"function":{"name":"sayHello"},"message":"[runtime-status] [1348] Running sayHello in mode HTTPS"}}
[debug] [2020-12-31T15:21:59.674Z] [runtime-status] [1348] Attempting to listen to socketPath: \\?\pipe\C:\Users\User\Documents\CodingProjects\donate-me\functions\1348 {"metadata":{"emulator":{"name":"functions"},"function":{"name":"sayHello"},"message":"[runtime-status] [1348] Attempting to listen to socketPath: \\\\?\\pipe\\C:\\Users\\User\\Documents\\CodingProjects\\donate-me\\functions\\1348"}}
[debug] [2020-12-31T15:21:59.678Z] [functions] Runtime ready! Sending request! {"metadata":{"emulator":{"name":"functions"},"message":"[functions] Runtime ready! Sending request!"}}
[debug] [2020-12-31T15:21:59.699Z] [runtime-status] [1348] Ephemeral server handling POST request {"metadata":{"emulator":{"name":"functions"},"function":{"name":"sayHello"},"message":"[runtime-status] [1348] Ephemeral server handling POST request"}}
[debug] [2020-12-31T15:21:59.702Z] [runtime-status] [1348] No callable functions auth found {"metadata":{"emulator":{"name":"functions"},"function":{"name":"sayHello"},"message":"[runtime-status] [1348] No callable functions auth found"}}
[debug] [2020-12-31T15:21:59.706Z] [runtime-status] [1348] Ephemeral server survived. {"metadata":{"emulator":{"name":"functions"},"function":{"name":"sayHello"},"message":"[runtime-status] [1348] Ephemeral server survived."}}
[info] i  functions: Finished "sayHello" in ~1s {"metadata":{"emulator":{"name":"functions"},"function":{"name":"sayHello"},"message":"Finished \"sayHello\" in ~1s"}}
[debug] [2020-12-31T15:21:59.714Z] [worker-sayHello-8bec3dc9-e0a1-46a9-b28c-5b006ce25fae]: IDLE {"metadata":{"emulator":{"name":"functions"},"message":"[worker-sayHello-8bec3dc9-e0a1-46a9-b28c-5b006ce25fae]: IDLE"}}
[debug] [2020-12-31T15:21:59.714Z] [work-queue] {"queueLength":0,"workRunningCount":0}
[debug] [2020-12-31T15:22:02.558Z] [work-queue] {"queueLength":1,"workRunningCount":0}
[debug] [2020-12-31T15:22:02.558Z] [work-queue] {"queueLength":0,"workRunningCount":1}
[debug] [2020-12-31T15:22:02.558Z] Accepted request POST /donate-me-d7d24/us-central1/sayHello --> sayHello
[debug] [2020-12-31T15:22:02.558Z] [worker-pool] submitWork(triggerId=sayHello) {"metadata":{"emulator":{"name":"functions"},"message":"[worker-pool] submitWork(triggerId=sayHello)"}}
[debug] [2020-12-31T15:22:02.559Z] [worker-sayHello-01b6d89e-5b26-4c92-9bef-fd74bd6e5f5b]: Assigning socketPath: \\?\pipe\C:\Users\User\Documents\CodingProjects\donate-me\functions\4676 {"metadata":{"emulator":{"name":"functions"},"message":"[worker-sayHello-01b6d89e-5b26-4c92-9bef-fd74bd6e5f5b]: Assigning socketPath: \\\\?\\pipe\\C:\\Users\\User\\Documents\\CodingProjects\\donate-me\\functions\\4676"}}
[debug] [2020-12-31T15:22:02.559Z] [worker-sayHello-01b6d89e-5b26-4c92-9bef-fd74bd6e5f5b]: BUSY {"metadata":{"emulator":{"name":"functions"},"message":"[worker-sayHello-01b6d89e-5b26-4c92-9bef-fd74bd6e5f5b]: BUSY"}}
[debug] [2020-12-31T15:22:02.559Z] [runtime-status] [4676] Trigger "sayHello" has been found, beginning invocation! {"metadata":{"emulator":{"name":"functions"},"function":{"name":"sayHello"},"message":"[runtime-status] [4676] Trigger \"sayHello\" has been found, beginning invocation!"}}
[info] i  functions: Beginning execution of "sayHello" {"metadata":{"emulator":{"name":"functions"},"function":{"name":"sayHello"},"message":"Beginning execution of \"sayHello\""}}
[debug] [2020-12-31T15:22:02.561Z] [runtime-status] [4676] triggerDefinition {"httpsTrigger":{},"labels":{"deployment-callable":"true"},"name":"sayHello","entryPoint":"sayHello"} {"metadata":{"emulator":{"name":"functions"},"function":{"name":"sayHello"},"message":"[runtime-status] [4676] triggerDefinition {\"httpsTrigger\":{},\"labels\":{\"deployment-callable\":\"true\"},\"name\":\"sayHello\",\"entryPoint\":\"sayHello\"}"}}
[debug] [2020-12-31T15:22:02.562Z] [runtime-status] [4676] Running sayHello in mode HTTPS {"metadata":{"emulator":{"name":"functions"},"function":{"name":"sayHello"},"message":"[runtime-status] [4676] Running sayHello in mode HTTPS"}}
[debug] [2020-12-31T15:22:02.562Z] [runtime-status] [4676] Attempting to listen to socketPath: \\?\pipe\C:\Users\User\Documents\CodingProjects\donate-me\functions\4676 {"metadata":{"emulator":{"name":"functions"},"function":{"name":"sayHello"},"message":"[runtime-status] [4676] Attempting to listen to socketPath: \\\\?\\pipe\\C:\\Users\\User\\Documents\\CodingProjects\\donate-me\\functions\\4676"}}
[debug] [2020-12-31T15:22:02.563Z] [functions] Runtime ready! Sending request! {"metadata":{"emulator":{"name":"functions"},"message":"[functions] Runtime ready! Sending request!"}}
[debug] [2020-12-31T15:22:02.579Z] [runtime-status] [4676] Ephemeral server handling POST request {"metadata":{"emulator":{"name":"functions"},"function":{"name":"sayHello"},"message":"[runtime-status] [4676] Ephemeral server handling POST request"}}
[debug] [2020-12-31T15:22:02.581Z] [runtime-status] [4676] No callable functions auth found {"metadata":{"emulator":{"name":"functions"},"function":{"name":"sayHello"},"message":"[runtime-status] [4676] No callable functions auth found"}}
[debug] [2020-12-31T15:22:02.585Z] [runtime-status] [4676] Ephemeral server survived. {"metadata":{"emulator":{"name":"functions"},"function":{"name":"sayHello"},"message":"[runtime-status] [4676] Ephemeral server survived."}}
[info] i  functions: Finished "sayHello" in ~1s {"metadata":{"emulator":{"name":"functions"},"function":{"name":"sayHello"},"message":"Finished \"sayHello\" in ~1s"}}
[debug] [2020-12-31T15:22:02.587Z] [worker-sayHello-01b6d89e-5b26-4c92-9bef-fd74bd6e5f5b]: IDLE {"metadata":{"emulator":{"name":"functions"},"message":"[worker-sayHello-01b6d89e-5b26-4c92-9bef-fd74bd6e5f5b]: IDLE"}}
[debug] [2020-12-31T15:22:02.588Z] [work-queue] {"queueLength":0,"workRunningCount":0}
[debug] [2020-12-31T15:22:03.079Z] [work-queue] {"queueLength":1,"workRunningCount":0}
[debug] [2020-12-31T15:22:03.079Z] [work-queue] {"queueLength":0,"workRunningCount":1}
[debug] [2020-12-31T15:22:03.079Z] Accepted request POST /donate-me-d7d24/us-central1/sayHello --> sayHello
[debug] [2020-12-31T15:22:03.079Z] [worker-pool] submitWork(triggerId=sayHello) {"metadata":{"emulator":{"name":"functions"},"message":"[worker-pool] submitWork(triggerId=sayHello)"}}
[debug] [2020-12-31T15:22:03.079Z] [worker-sayHello-01b6d89e-5b26-4c92-9bef-fd74bd6e5f5b]: Assigning socketPath: \\?\pipe\C:\Users\User\Documents\CodingProjects\donate-me\functions\4676 {"metadata":{"emulator":{"name":"functions"},"message":"[worker-sayHello-01b6d89e-5b26-4c92-9bef-fd74bd6e5f5b]: Assigning socketPath: \\\\?\\pipe\\C:\\Users\\User\\Documents\\CodingProjects\\donate-me\\functions\\4676"}}
[debug] [2020-12-31T15:22:03.080Z] [worker-sayHello-01b6d89e-5b26-4c92-9bef-fd74bd6e5f5b]: BUSY {"metadata":{"emulator":{"name":"functions"},"message":"[worker-sayHello-01b6d89e-5b26-4c92-9bef-fd74bd6e5f5b]: BUSY"}}
[debug] [2020-12-31T15:22:03.080Z] [runtime-status] [4676] Trigger "sayHello" has been found, beginning invocation! {"metadata":{"emulator":{"name":"functions"},"function":{"name":"sayHello"},"message":"[runtime-status] [4676] Trigger \"sayHello\" has been found, beginning invocation!"}}
[info] i  functions: Beginning execution of "sayHello" {"metadata":{"emulator":{"name":"functions"},"function":{"name":"sayHello"},"message":"Beginning execution of \"sayHello\""}}
[debug] [2020-12-31T15:22:03.081Z] [runtime-status] [4676] triggerDefinition {"httpsTrigger":{},"labels":{"deployment-callable":"true"},"name":"sayHello","entryPoint":"sayHello"} {"metadata":{"emulator":{"name":"functions"},"function":{"name":"sayHello"},"message":"[runtime-status] [4676] triggerDefinition {\"httpsTrigger\":{},\"labels\":{\"deployment-callable\":\"true\"},\"name\":\"sayHello\",\"entryPoint\":\"sayHello\"}"}}
[debug] [2020-12-31T15:22:03.081Z] [runtime-status] [4676] Running sayHello in mode HTTPS {"metadata":{"emulator":{"name":"functions"},"function":{"name":"sayHello"},"message":"[runtime-status] [4676] Running sayHello in mode HTTPS"}}
[debug] [2020-12-31T15:22:03.082Z] [runtime-status] [4676] Attempting to listen to socketPath: \\?\pipe\C:\Users\User\Documents\CodingProjects\donate-me\functions\4676 {"metadata":{"emulator":{"name":"functions"},"function":{"name":"sayHello"},"message":"[runtime-status] [4676] Attempting to listen to socketPath: \\\\?\\pipe\\C:\\Users\\User\\Documents\\CodingProjects\\donate-me\\functions\\4676"}}
[debug] [2020-12-31T15:22:03.083Z] [functions] Runtime ready! Sending request! {"metadata":{"emulator":{"name":"functions"},"message":"[functions] Runtime ready! Sending request!"}}
[debug] [2020-12-31T15:22:03.085Z] [runtime-status] [4676] Ephemeral server handling POST request {"metadata":{"emulator":{"name":"functions"},"function":{"name":"sayHello"},"message":"[runtime-status] [4676] Ephemeral server handling POST request"}}
[debug] [2020-12-31T15:22:03.086Z] [runtime-status] [4676] No callable functions auth found {"metadata":{"emulator":{"name":"functions"},"function":{"name":"sayHello"},"message":"[runtime-status] [4676] No callable functions auth found"}}
[debug] [2020-12-31T15:22:03.086Z] [runtime-status] [4676] Ephemeral server survived. {"metadata":{"emulator":{"name":"functions"},"function":{"name":"sayHello"},"message":"[runtime-status] [4676] Ephemeral server survived."}}
[info] i  functions: Finished "sayHello" in ~1s {"metadata":{"emulator":{"name":"functions"},"function":{"name":"sayHello"},"message":"Finished \"sayHello\" in ~1s"}}
[debug] [2020-12-31T15:22:03.087Z] [worker-sayHello-01b6d89e-5b26-4c92-9bef-fd74bd6e5f5b]: IDLE {"metadata":{"emulator":{"name":"functions"},"message":"[worker-sayHello-01b6d89e-5b26-4c92-9bef-fd74bd6e5f5b]: IDLE"}}
[debug] [2020-12-31T15:22:03.088Z] [work-queue] {"queueLength":0,"workRunningCount":0}
[debug] [2020-12-31T15:22:03.279Z] [work-queue] {"queueLength":1,"workRunningCount":0}
[debug] [2020-12-31T15:22:03.279Z] [work-queue] {"queueLength":0,"workRunningCount":1}
[debug] [2020-12-31T15:22:03.279Z] Accepted request POST /donate-me-d7d24/us-central1/sayHello --> sayHello
[debug] [2020-12-31T15:22:03.279Z] [worker-pool] submitWork(triggerId=sayHello) {"metadata":{"emulator":{"name":"functions"},"message":"[worker-pool] submitWork(triggerId=sayHello)"}}
[debug] [2020-12-31T15:22:03.279Z] [worker-sayHello-01b6d89e-5b26-4c92-9bef-fd74bd6e5f5b]: Assigning socketPath: \\?\pipe\C:\Users\User\Documents\CodingProjects\donate-me\functions\4676 {"metadata":{"emulator":{"name":"functions"},"message":"[worker-sayHello-01b6d89e-5b26-4c92-9bef-fd74bd6e5f5b]: Assigning socketPath: \\\\?\\pipe\\C:\\Users\\User\\Documents\\CodingProjects\\donate-me\\functions\\4676"}}
[debug] [2020-12-31T15:22:03.279Z] [worker-sayHello-01b6d89e-5b26-4c92-9bef-fd74bd6e5f5b]: BUSY {"metadata":{"emulator":{"name":"functions"},"message":"[worker-sayHello-01b6d89e-5b26-4c92-9bef-fd74bd6e5f5b]: BUSY"}}
[debug] [2020-12-31T15:22:03.280Z] [runtime-status] [4676] Trigger "sayHello" has been found, beginning invocation! {"metadata":{"emulator":{"name":"functions"},"function":{"name":"sayHello"},"message":"[runtime-status] [4676] Trigger \"sayHello\" has been found, beginning invocation!"}}
[info] i  functions: Beginning execution of "sayHello" {"metadata":{"emulator":{"name":"functions"},"function":{"name":"sayHello"},"message":"Beginning execution of \"sayHello\""}}
[debug] [2020-12-31T15:22:03.281Z] [runtime-status] [4676] triggerDefinition {"httpsTrigger":{},"labels":{"deployment-callable":"true"},"name":"sayHello","entryPoint":"sayHello"} {"metadata":{"emulator":{"name":"functions"},"function":{"name":"sayHello"},"message":"[runtime-status] [4676] triggerDefinition {\"httpsTrigger\":{},\"labels\":{\"deployment-callable\":\"true\"},\"name\":\"sayHello\",\"entryPoint\":\"sayHello\"}"}}
[debug] [2020-12-31T15:22:03.281Z] [runtime-status] [4676] Running sayHello in mode HTTPS {"metadata":{"emulator":{"name":"functions"},"function":{"name":"sayHello"},"message":"[runtime-status] [4676] Running sayHello in mode HTTPS"}}
[debug] [2020-12-31T15:22:03.281Z] [runtime-status] [4676] Attempting to listen to socketPath: \\?\pipe\C:\Users\User\Documents\CodingProjects\donate-me\functions\4676 {"metadata":{"emulator":{"name":"functions"},"function":{"name":"sayHello"},"message":"[runtime-status] [4676] Attempting to listen to socketPath: \\\\?\\pipe\\C:\\Users\\User\\Documents\\CodingProjects\\donate-me\\functions\\4676"}}
[debug] [2020-12-31T15:22:03.282Z] [functions] Runtime ready! Sending request! {"metadata":{"emulator":{"name":"functions"},"message":"[functions] Runtime ready! Sending request!"}}
[debug] [2020-12-31T15:22:03.285Z] [runtime-status] [4676] Ephemeral server handling POST request {"metadata":{"emulator":{"name":"functions"},"function":{"name":"sayHello"},"message":"[runtime-status] [4676] Ephemeral server handling POST request"}}
[debug] [2020-12-31T15:22:03.286Z] [runtime-status] [4676] No callable functions auth found {"metadata":{"emulator":{"name":"functions"},"function":{"name":"sayHello"},"message":"[runtime-status] [4676] No callable functions auth found"}}
[debug] [2020-12-31T15:22:03.286Z] [runtime-status] [4676] Ephemeral server survived. {"metadata":{"emulator":{"name":"functions"},"function":{"name":"sayHello"},"message":"[runtime-status] [4676] Ephemeral server survived."}}
[info] i  functions: Finished "sayHello" in ~1s {"metadata":{"emulator":{"name":"functions"},"function":{"name":"sayHello"},"message":"Finished \"sayHello\" in ~1s"}}
[debug] [2020-12-31T15:22:03.288Z] [worker-sayHello-01b6d89e-5b26-4c92-9bef-fd74bd6e5f5b]: IDLE {"metadata":{"emulator":{"name":"functions"},"message":"[worker-sayHello-01b6d89e-5b26-4c92-9bef-fd74bd6e5f5b]: IDLE"}}
[debug] [2020-12-31T15:22:03.288Z] [work-queue] {"queueLength":0,"workRunningCount":0}
[debug] [2020-12-31T15:22:27.754Z] [work-queue] {"queueLength":1,"workRunningCount":0}
[debug] [2020-12-31T15:22:27.754Z] [work-queue] {"queueLength":0,"workRunningCount":1}
[debug] [2020-12-31T15:22:27.754Z] Accepted request OPTIONS /donate-me-d7d24/us-central1/sayHello --> sayHello
[debug] [2020-12-31T15:22:27.754Z] [worker-pool] submitWork(triggerId=sayHello) {"metadata":{"emulator":{"name":"functions"},"message":"[worker-pool] submitWork(triggerId=sayHello)"}}
[debug] [2020-12-31T15:22:27.754Z] [worker-sayHello-01b6d89e-5b26-4c92-9bef-fd74bd6e5f5b]: Assigning socketPath: \\?\pipe\C:\Users\User\Documents\CodingProjects\donate-me\functions\4676 {"metadata":{"emulator":{"name":"functions"},"message":"[worker-sayHello-01b6d89e-5b26-4c92-9bef-fd74bd6e5f5b]: Assigning socketPath: \\\\?\\pipe\\C:\\Users\\User\\Documents\\CodingProjects\\donate-me\\functions\\4676"}}
[debug] [2020-12-31T15:22:27.754Z] [worker-sayHello-01b6d89e-5b26-4c92-9bef-fd74bd6e5f5b]: BUSY {"metadata":{"emulator":{"name":"functions"},"message":"[worker-sayHello-01b6d89e-5b26-4c92-9bef-fd74bd6e5f5b]: BUSY"}}
[debug] [2020-12-31T15:22:27.755Z] [runtime-status] [4676] Trigger "sayHello" has been found, beginning invocation! {"metadata":{"emulator":{"name":"functions"},"function":{"name":"sayHello"},"message":"[runtime-status] [4676] Trigger \"sayHello\" has been found, beginning invocation!"}}
[info] i  functions: Beginning execution of "sayHello" {"metadata":{"emulator":{"name":"functions"},"function":{"name":"sayHello"},"message":"Beginning execution of \"sayHello\""}}
[debug] [2020-12-31T15:22:27.756Z] [runtime-status] [4676] triggerDefinition {"httpsTrigger":{},"labels":{"deployment-callable":"true"},"name":"sayHello","entryPoint":"sayHello"} {"metadata":{"emulator":{"name":"functions"},"function":{"name":"sayHello"},"message":"[runtime-status] [4676] triggerDefinition {\"httpsTrigger\":{},\"labels\":{\"deployment-callable\":\"true\"},\"name\":\"sayHello\",\"entryPoint\":\"sayHello\"}"}}
[debug] [2020-12-31T15:22:27.756Z] [runtime-status] [4676] Running sayHello in mode HTTPS {"metadata":{"emulator":{"name":"functions"},"function":{"name":"sayHello"},"message":"[runtime-status] [4676] Running sayHello in mode HTTPS"}}
[debug] [2020-12-31T15:22:27.756Z] [runtime-status] [4676] Attempting to listen to socketPath: \\?\pipe\C:\Users\User\Documents\CodingProjects\donate-me\functions\4676 {"metadata":{"emulator":{"name":"functions"},"function":{"name":"sayHello"},"message":"[runtime-status] [4676] Attempting to listen to socketPath: \\\\?\\pipe\\C:\\Users\\User\\Documents\\CodingProjects\\donate-me\\functions\\4676"}}
[debug] [2020-12-31T15:22:27.757Z] [functions] Runtime ready! Sending request! {"metadata":{"emulator":{"name":"functions"},"message":"[functions] Runtime ready! Sending request!"}}
[debug] [2020-12-31T15:22:27.760Z] [runtime-status] [4676] Ephemeral server handling OPTIONS request {"metadata":{"emulator":{"name":"functions"},"function":{"name":"sayHello"},"message":"[runtime-status] [4676] Ephemeral server handling OPTIONS request"}}
[debug] [2020-12-31T15:22:27.761Z] [runtime-status] [4676] Ephemeral server survived. {"metadata":{"emulator":{"name":"functions"},"function":{"name":"sayHello"},"message":"[runtime-status] [4676] Ephemeral server survived."}}
[info] i  functions: Finished "sayHello" in ~1s {"metadata":{"emulator":{"name":"functions"},"function":{"name":"sayHello"},"message":"Finished \"sayHello\" in ~1s"}}
[debug] [2020-12-31T15:22:27.763Z] [worker-sayHello-01b6d89e-5b26-4c92-9bef-fd74bd6e5f5b]: IDLE {"metadata":{"emulator":{"name":"functions"},"message":"[worker-sayHello-01b6d89e-5b26-4c92-9bef-fd74bd6e5f5b]: IDLE"}}
[debug] [2020-12-31T15:22:27.763Z] [work-queue] {"queueLength":0,"workRunningCount":0}
[debug] [2020-12-31T15:22:27.763Z] [work-queue] {"queueLength":1,"workRunningCount":0}
[debug] [2020-12-31T15:22:27.764Z] [work-queue] {"queueLength":0,"workRunningCount":1}
[debug] [2020-12-31T15:22:27.764Z] Accepted request POST /donate-me-d7d24/us-central1/sayHello --> sayHello
[debug] [2020-12-31T15:22:27.764Z] [worker-pool] submitWork(triggerId=sayHello) {"metadata":{"emulator":{"name":"functions"},"message":"[worker-pool] submitWork(triggerId=sayHello)"}}
[debug] [2020-12-31T15:22:27.764Z] [worker-sayHello-01b6d89e-5b26-4c92-9bef-fd74bd6e5f5b]: Assigning socketPath: \\?\pipe\C:\Users\User\Documents\CodingProjects\donate-me\functions\4676 {"metadata":{"emulator":{"name":"functions"},"message":"[worker-sayHello-01b6d89e-5b26-4c92-9bef-fd74bd6e5f5b]: Assigning socketPath: \\\\?\\pipe\\C:\\Users\\User\\Documents\\CodingProjects\\donate-me\\functions\\4676"}}
[debug] [2020-12-31T15:22:27.764Z] [worker-sayHello-01b6d89e-5b26-4c92-9bef-fd74bd6e5f5b]: BUSY {"metadata":{"emulator":{"name":"functions"},"message":"[worker-sayHello-01b6d89e-5b26-4c92-9bef-fd74bd6e5f5b]: BUSY"}}
[debug] [2020-12-31T15:22:27.773Z] [runtime-status] [4676] Trigger "sayHello" has been found, beginning invocation! {"metadata":{"emulator":{"name":"functions"},"function":{"name":"sayHello"},"message":"[runtime-status] [4676] Trigger \"sayHello\" has been found, beginning invocation!"}}
[info] i  functions: Beginning execution of "sayHello" {"metadata":{"emulator":{"name":"functions"},"function":{"name":"sayHello"},"message":"Beginning execution of \"sayHello\""}}
[debug] [2020-12-31T15:22:27.774Z] [runtime-status] [4676] triggerDefinition {"httpsTrigger":{},"labels":{"deployment-callable":"true"},"name":"sayHello","entryPoint":"sayHello"} {"metadata":{"emulator":{"name":"functions"},"function":{"name":"sayHello"},"message":"[runtime-status] [4676] triggerDefinition {\"httpsTrigger\":{},\"labels\":{\"deployment-callable\":\"true\"},\"name\":\"sayHello\",\"entryPoint\":\"sayHello\"}"}}
[debug] [2020-12-31T15:22:27.775Z] [runtime-status] [4676] Running sayHello in mode HTTPS {"metadata":{"emulator":{"name":"functions"},"function":{"name":"sayHello"},"message":"[runtime-status] [4676] Running sayHello in mode HTTPS"}}
[debug] [2020-12-31T15:22:27.775Z] [runtime-status] [4676] Attempting to listen to socketPath: \\?\pipe\C:\Users\User\Documents\CodingProjects\donate-me\functions\4676 {"metadata":{"emulator":{"name":"functions"},"function":{"name":"sayHello"},"message":"[runtime-status] [4676] Attempting to listen to socketPath: \\\\?\\pipe\\C:\\Users\\User\\Documents\\CodingProjects\\donate-me\\functions\\4676"}}
[debug] [2020-12-31T15:22:27.776Z] [functions] Runtime ready! Sending request! {"metadata":{"emulator":{"name":"functions"},"message":"[functions] Runtime ready! Sending request!"}}
[debug] [2020-12-31T15:22:27.779Z] [runtime-status] [4676] Ephemeral server handling POST request {"metadata":{"emulator":{"name":"functions"},"function":{"name":"sayHello"},"message":"[runtime-status] [4676] Ephemeral server handling POST request"}}
[debug] [2020-12-31T15:22:27.779Z] [runtime-status] [4676] No callable functions auth found {"metadata":{"emulator":{"name":"functions"},"function":{"name":"sayHello"},"message":"[runtime-status] [4676] No callable functions auth found"}}
[debug] [2020-12-31T15:22:27.780Z] [runtime-status] [4676] Ephemeral server survived. {"metadata":{"emulator":{"name":"functions"},"function":{"name":"sayHello"},"message":"[runtime-status] [4676] Ephemeral server survived."}}
[info] i  functions: Finished "sayHello" in ~1s {"metadata":{"emulator":{"name":"functions"},"function":{"name":"sayHello"},"message":"Finished \"sayHello\" in ~1s"}}
[debug] [2020-12-31T15:22:27.783Z] [worker-sayHello-01b6d89e-5b26-4c92-9bef-fd74bd6e5f5b]: IDLE {"metadata":{"emulator":{"name":"functions"},"message":"[worker-sayHello-01b6d89e-5b26-4c92-9bef-fd74bd6e5f5b]: IDLE"}}
[debug] [2020-12-31T15:22:27.783Z] [work-queue] {"queueLength":0,"workRunningCount":0}
[debug] [2020-12-31T15:22:37.000Z] [work-queue] {"queueLength":1,"workRunningCount":0}
[debug] [2020-12-31T15:22:37.000Z] [work-queue] {"queueLength":0,"workRunningCount":1}
[debug] [2020-12-31T15:22:37.000Z] Accepted request OPTIONS /donate-me-d7d24/us-central1/sayHello --> sayHello
[debug] [2020-12-31T15:22:37.000Z] [worker-pool] submitWork(triggerId=sayHello) {"metadata":{"emulator":{"name":"functions"},"message":"[worker-pool] submitWork(triggerId=sayHello)"}}
[debug] [2020-12-31T15:22:37.001Z] [worker-sayHello-01b6d89e-5b26-4c92-9bef-fd74bd6e5f5b]: Assigning socketPath: \\?\pipe\C:\Users\User\Documents\CodingProjects\donate-me\functions\4676 {"metadata":{"emulator":{"name":"functions"},"message":"[worker-sayHello-01b6d89e-5b26-4c92-9bef-fd74bd6e5f5b]: Assigning socketPath: \\\\?\\pipe\\C:\\Users\\User\\Documents\\CodingProjects\\donate-me\\functions\\4676"}}
[debug] [2020-12-31T15:22:37.001Z] [worker-sayHello-01b6d89e-5b26-4c92-9bef-fd74bd6e5f5b]: BUSY {"metadata":{"emulator":{"name":"functions"},"message":"[worker-sayHello-01b6d89e-5b26-4c92-9bef-fd74bd6e5f5b]: BUSY"}}
[debug] [2020-12-31T15:22:37.001Z] [runtime-status] [4676] Trigger "sayHello" has been found, beginning invocation! {"metadata":{"emulator":{"name":"functions"},"function":{"name":"sayHello"},"message":"[runtime-status] [4676] Trigger \"sayHello\" has been found, beginning invocation!"}}
[info] i  functions: Beginning execution of "sayHello" {"metadata":{"emulator":{"name":"functions"},"function":{"name":"sayHello"},"message":"Beginning execution of \"sayHello\""}}
[debug] [2020-12-31T15:22:37.002Z] [runtime-status] [4676] triggerDefinition {"httpsTrigger":{},"labels":{"deployment-callable":"true"},"name":"sayHello","entryPoint":"sayHello"} {"metadata":{"emulator":{"name":"functions"},"function":{"name":"sayHello"},"message":"[runtime-status] [4676] triggerDefinition {\"httpsTrigger\":{},\"labels\":{\"deployment-callable\":\"true\"},\"name\":\"sayHello\",\"entryPoint\":\"sayHello\"}"}}
[debug] [2020-12-31T15:22:37.002Z] [runtime-status] [4676] Running sayHello in mode HTTPS {"metadata":{"emulator":{"name":"functions"},"function":{"name":"sayHello"},"message":"[runtime-status] [4676] Running sayHello in mode HTTPS"}}
[debug] [2020-12-31T15:22:37.003Z] [runtime-status] [4676] Attempting to listen to socketPath: \\?\pipe\C:\Users\User\Documents\CodingProjects\donate-me\functions\4676 {"metadata":{"emulator":{"name":"functions"},"function":{"name":"sayHello"},"message":"[runtime-status] [4676] Attempting to listen to socketPath: \\\\?\\pipe\\C:\\Users\\User\\Documents\\CodingProjects\\donate-me\\functions\\4676"}}
[debug] [2020-12-31T15:22:37.004Z] [functions] Runtime ready! Sending request! {"metadata":{"emulator":{"name":"functions"},"message":"[functions] Runtime ready! Sending request!"}}
[debug] [2020-12-31T15:22:37.006Z] [runtime-status] [4676] Ephemeral server handling OPTIONS request {"metadata":{"emulator":{"name":"functions"},"function":{"name":"sayHello"},"message":"[runtime-status] [4676] Ephemeral server handling OPTIONS request"}}
[debug] [2020-12-31T15:22:37.007Z] [runtime-status] [4676] Ephemeral server survived. {"metadata":{"emulator":{"name":"functions"},"function":{"name":"sayHello"},"message":"[runtime-status] [4676] Ephemeral server survived."}}
[info] i  functions: Finished "sayHello" in ~1s {"metadata":{"emulator":{"name":"functions"},"function":{"name":"sayHello"},"message":"Finished \"sayHello\" in ~1s"}}
[debug] [2020-12-31T15:22:37.009Z] [worker-sayHello-01b6d89e-5b26-4c92-9bef-fd74bd6e5f5b]: IDLE {"metadata":{"emulator":{"name":"functions"},"message":"[worker-sayHello-01b6d89e-5b26-4c92-9bef-fd74bd6e5f5b]: IDLE"}}
[debug] [2020-12-31T15:22:37.009Z] [work-queue] {"queueLength":0,"workRunningCount":0}
[debug] [2020-12-31T15:22:37.009Z] [work-queue] {"queueLength":1,"workRunningCount":0}
[debug] [2020-12-31T15:22:37.010Z] [work-queue] {"queueLength":0,"workRunningCount":1}
[debug] [2020-12-31T15:22:37.010Z] Accepted request POST /donate-me-d7d24/us-central1/sayHello --> sayHello
[debug] [2020-12-31T15:22:37.010Z] [worker-pool] submitWork(triggerId=sayHello) {"metadata":{"emulator":{"name":"functions"},"message":"[worker-pool] submitWork(triggerId=sayHello)"}}
[debug] [2020-12-31T15:22:37.010Z] [worker-sayHello-01b6d89e-5b26-4c92-9bef-fd74bd6e5f5b]: Assigning socketPath: \\?\pipe\C:\Users\User\Documents\CodingProjects\donate-me\functions\4676 {"metadata":{"emulator":{"name":"functions"},"message":"[worker-sayHello-01b6d89e-5b26-4c92-9bef-fd74bd6e5f5b]: Assigning socketPath: \\\\?\\pipe\\C:\\Users\\User\\Documents\\CodingProjects\\donate-me\\functions\\4676"}}
[debug] [2020-12-31T15:22:37.010Z] [worker-sayHello-01b6d89e-5b26-4c92-9bef-fd74bd6e5f5b]: BUSY {"metadata":{"emulator":{"name":"functions"},"message":"[worker-sayHello-01b6d89e-5b26-4c92-9bef-fd74bd6e5f5b]: BUSY"}}
[debug] [2020-12-31T15:22:37.018Z] [runtime-status] [4676] Trigger "sayHello" has been found, beginning invocation! {"metadata":{"emulator":{"name":"functions"},"function":{"name":"sayHello"},"message":"[runtime-status] [4676] Trigger \"sayHello\" has been found, beginning invocation!"}}
[info] i  functions: Beginning execution of "sayHello" {"metadata":{"emulator":{"name":"functions"},"function":{"name":"sayHello"},"message":"Beginning execution of \"sayHello\""}}
[debug] [2020-12-31T15:22:37.018Z] [runtime-status] [4676] triggerDefinition {"httpsTrigger":{},"labels":{"deployment-callable":"true"},"name":"sayHello","entryPoint":"sayHello"} {"metadata":{"emulator":{"name":"functions"},"function":{"name":"sayHello"},"message":"[runtime-status] [4676] triggerDefinition {\"httpsTrigger\":{},\"labels\":{\"deployment-callable\":\"true\"},\"name\":\"sayHello\",\"entryPoint\":\"sayHello\"}"}}
[debug] [2020-12-31T15:22:37.019Z] [runtime-status] [4676] Running sayHello in mode HTTPS {"metadata":{"emulator":{"name":"functions"},"function":{"name":"sayHello"},"message":"[runtime-status] [4676] Running sayHello in mode HTTPS"}}
[debug] [2020-12-31T15:22:37.019Z] [runtime-status] [4676] Attempting to listen to socketPath: \\?\pipe\C:\Users\User\Documents\CodingProjects\donate-me\functions\4676 {"metadata":{"emulator":{"name":"functions"},"function":{"name":"sayHello"},"message":"[runtime-status] [4676] Attempting to listen to socketPath: \\\\?\\pipe\\C:\\Users\\User\\Documents\\CodingProjects\\donate-me\\functions\\4676"}}
[debug] [2020-12-31T15:22:37.020Z] [functions] Runtime ready! Sending request! {"metadata":{"emulator":{"name":"functions"},"message":"[functions] Runtime ready! Sending request!"}}
[debug] [2020-12-31T15:22:37.022Z] [runtime-status] [4676] Ephemeral server handling POST request {"metadata":{"emulator":{"name":"functions"},"function":{"name":"sayHello"},"message":"[runtime-status] [4676] Ephemeral server handling POST request"}}
[debug] [2020-12-31T15:22:37.023Z] [runtime-status] [4676] No callable functions auth found {"metadata":{"emulator":{"name":"functions"},"function":{"name":"sayHello"},"message":"[runtime-status] [4676] No callable functions auth found"}}
[debug] [2020-12-31T15:22:37.023Z] [runtime-status] [4676] Ephemeral server survived. {"metadata":{"emulator":{"name":"functions"},"function":{"name":"sayHello"},"message":"[runtime-status] [4676] Ephemeral server survived."}}
[info] i  functions: Finished "sayHello" in ~1s {"metadata":{"emulator":{"name":"functions"},"function":{"name":"sayHello"},"message":"Finished \"sayHello\" in ~1s"}}
[debug] [2020-12-31T15:22:37.025Z] [worker-sayHello-01b6d89e-5b26-4c92-9bef-fd74bd6e5f5b]: IDLE {"metadata":{"emulator":{"name":"functions"},"message":"[worker-sayHello-01b6d89e-5b26-4c92-9bef-fd74bd6e5f5b]: IDLE"}}
[debug] [2020-12-31T15:22:37.025Z] [work-queue] {"queueLength":0,"workRunningCount":0}
[debug] [2020-12-31T15:22:37.667Z] [work-queue] {"queueLength":1,"workRunningCount":0}
[debug] [2020-12-31T15:22:37.668Z] [work-queue] {"queueLength":0,"workRunningCount":1}
[debug] [2020-12-31T15:22:37.668Z] Accepted request POST /donate-me-d7d24/us-central1/sayHello --> sayHello
[debug] [2020-12-31T15:22:37.668Z] [worker-pool] submitWork(triggerId=sayHello) {"metadata":{"emulator":{"name":"functions"},"message":"[worker-pool] submitWork(triggerId=sayHello)"}}
[debug] [2020-12-31T15:22:37.668Z] [worker-sayHello-01b6d89e-5b26-4c92-9bef-fd74bd6e5f5b]: Assigning socketPath: \\?\pipe\C:\Users\User\Documents\CodingProjects\donate-me\functions\4676 {"metadata":{"emulator":{"name":"functions"},"message":"[worker-sayHello-01b6d89e-5b26-4c92-9bef-fd74bd6e5f5b]: Assigning socketPath: \\\\?\\pipe\\C:\\Users\\User\\Documents\\CodingProjects\\donate-me\\functions\\4676"}}
[debug] [2020-12-31T15:22:37.668Z] [worker-sayHello-01b6d89e-5b26-4c92-9bef-fd74bd6e5f5b]: BUSY {"metadata":{"emulator":{"name":"functions"},"message":"[worker-sayHello-01b6d89e-5b26-4c92-9bef-fd74bd6e5f5b]: BUSY"}}
[debug] [2020-12-31T15:22:37.669Z] [runtime-status] [4676] Trigger "sayHello" has been found, beginning invocation! {"metadata":{"emulator":{"name":"functions"},"function":{"name":"sayHello"},"message":"[runtime-status] [4676] Trigger \"sayHello\" has been found, beginning invocation!"}}
[info] i  functions: Beginning execution of "sayHello" {"metadata":{"emulator":{"name":"functions"},"function":{"name":"sayHello"},"message":"Beginning execution of \"sayHello\""}}
[debug] [2020-12-31T15:22:37.670Z] [runtime-status] [4676] triggerDefinition {"httpsTrigger":{},"labels":{"deployment-callable":"true"},"name":"sayHello","entryPoint":"sayHello"} {"metadata":{"emulator":{"name":"functions"},"function":{"name":"sayHello"},"message":"[runtime-status] [4676] triggerDefinition {\"httpsTrigger\":{},\"labels\":{\"deployment-callable\":\"true\"},\"name\":\"sayHello\",\"entryPoint\":\"sayHello\"}"}}
[debug] [2020-12-31T15:22:37.670Z] [runtime-status] [4676] Running sayHello in mode HTTPS {"metadata":{"emulator":{"name":"functions"},"function":{"name":"sayHello"},"message":"[runtime-status] [4676] Running sayHello in mode HTTPS"}}
[debug] [2020-12-31T15:22:37.670Z] [runtime-status] [4676] Attempting to listen to socketPath: \\?\pipe\C:\Users\User\Documents\CodingProjects\donate-me\functions\4676 {"metadata":{"emulator":{"name":"functions"},"function":{"name":"sayHello"},"message":"[runtime-status] [4676] Attempting to listen to socketPath: \\\\?\\pipe\\C:\\Users\\User\\Documents\\CodingProjects\\donate-me\\functions\\4676"}}
[debug] [2020-12-31T15:22:37.671Z] [functions] Runtime ready! Sending request! {"metadata":{"emulator":{"name":"functions"},"message":"[functions] Runtime ready! Sending request!"}}
[debug] [2020-12-31T15:22:37.674Z] [runtime-status] [4676] Ephemeral server handling POST request {"metadata":{"emulator":{"name":"functions"},"function":{"name":"sayHello"},"message":"[runtime-status] [4676] Ephemeral server handling POST request"}}
[debug] [2020-12-31T15:22:37.674Z] [runtime-status] [4676] No callable functions auth found {"metadata":{"emulator":{"name":"functions"},"function":{"name":"sayHello"},"message":"[runtime-status] [4676] No callable functions auth found"}}
[debug] [2020-12-31T15:22:37.675Z] [runtime-status] [4676] Ephemeral server survived. {"metadata":{"emulator":{"name":"functions"},"function":{"name":"sayHello"},"message":"[runtime-status] [4676] Ephemeral server survived."}}
[info] i  functions: Finished "sayHello" in ~1s {"metadata":{"emulator":{"name":"functions"},"function":{"name":"sayHello"},"message":"Finished \"sayHello\" in ~1s"}}
[debug] [2020-12-31T15:22:37.676Z] [worker-sayHello-01b6d89e-5b26-4c92-9bef-fd74bd6e5f5b]: IDLE {"metadata":{"emulator":{"name":"functions"},"message":"[worker-sayHello-01b6d89e-5b26-4c92-9bef-fd74bd6e5f5b]: IDLE"}}
[debug] [2020-12-31T15:22:37.676Z] [work-queue] {"queueLength":0,"workRunningCount":0}
[debug] [2020-12-31T15:22:38.115Z] [work-queue] {"queueLength":1,"workRunningCount":0}
[debug] [2020-12-31T15:22:38.115Z] [work-queue] {"queueLength":0,"workRunningCount":1}
[debug] [2020-12-31T15:22:38.115Z] Accepted request POST /donate-me-d7d24/us-central1/sayHello --> sayHello
[debug] [2020-12-31T15:22:38.115Z] [worker-pool] submitWork(triggerId=sayHello) {"metadata":{"emulator":{"name":"functions"},"message":"[worker-pool] submitWork(triggerId=sayHello)"}}
[debug] [2020-12-31T15:22:38.115Z] [worker-sayHello-01b6d89e-5b26-4c92-9bef-fd74bd6e5f5b]: Assigning socketPath: \\?\pipe\C:\Users\User\Documents\CodingProjects\donate-me\functions\4676 {"metadata":{"emulator":{"name":"functions"},"message":"[worker-sayHello-01b6d89e-5b26-4c92-9bef-fd74bd6e5f5b]: Assigning socketPath: \\\\?\\pipe\\C:\\Users\\User\\Documents\\CodingProjects\\donate-me\\functions\\4676"}}
[debug] [2020-12-31T15:22:38.115Z] [worker-sayHello-01b6d89e-5b26-4c92-9bef-fd74bd6e5f5b]: BUSY {"metadata":{"emulator":{"name":"functions"},"message":"[worker-sayHello-01b6d89e-5b26-4c92-9bef-fd74bd6e5f5b]: BUSY"}}
[debug] [2020-12-31T15:22:38.116Z] [runtime-status] [4676] Trigger "sayHello" has been found, beginning invocation! {"metadata":{"emulator":{"name":"functions"},"function":{"name":"sayHello"},"message":"[runtime-status] [4676] Trigger \"sayHello\" has been found, beginning invocation!"}}
[info] i  functions: Beginning execution of "sayHello" {"metadata":{"emulator":{"name":"functions"},"function":{"name":"sayHello"},"message":"Beginning execution of \"sayHello\""}}
[debug] [2020-12-31T15:22:38.117Z] [runtime-status] [4676] triggerDefinition {"httpsTrigger":{},"labels":{"deployment-callable":"true"},"name":"sayHello","entryPoint":"sayHello"} {"metadata":{"emulator":{"name":"functions"},"function":{"name":"sayHello"},"message":"[runtime-status] [4676] triggerDefinition {\"httpsTrigger\":{},\"labels\":{\"deployment-callable\":\"true\"},\"name\":\"sayHello\",\"entryPoint\":\"sayHello\"}"}}
[debug] [2020-12-31T15:22:38.117Z] [runtime-status] [4676] Running sayHello in mode HTTPS {"metadata":{"emulator":{"name":"functions"},"function":{"name":"sayHello"},"message":"[runtime-status] [4676] Running sayHello in mode HTTPS"}}
[debug] [2020-12-31T15:22:38.117Z] [runtime-status] [4676] Attempting to listen to socketPath: \\?\pipe\C:\Users\User\Documents\CodingProjects\donate-me\functions\4676 {"metadata":{"emulator":{"name":"functions"},"function":{"name":"sayHello"},"message":"[runtime-status] [4676] Attempting to listen to socketPath: \\\\?\\pipe\\C:\\Users\\User\\Documents\\CodingProjects\\donate-me\\functions\\4676"}}
[debug] [2020-12-31T15:22:38.118Z] [functions] Runtime ready! Sending request! {"metadata":{"emulator":{"name":"functions"},"message":"[functions] Runtime ready! Sending request!"}}
[debug] [2020-12-31T15:22:38.121Z] [runtime-status] [4676] Ephemeral server handling POST request {"metadata":{"emulator":{"name":"functions"},"function":{"name":"sayHello"},"message":"[runtime-status] [4676] Ephemeral server handling POST request"}}
[debug] [2020-12-31T15:22:38.121Z] [runtime-status] [4676] No callable functions auth found {"metadata":{"emulator":{"name":"functions"},"function":{"name":"sayHello"},"message":"[runtime-status] [4676] No callable functions auth found"}}
[debug] [2020-12-31T15:22:38.122Z] [runtime-status] [4676] Ephemeral server survived. {"metadata":{"emulator":{"name":"functions"},"function":{"name":"sayHello"},"message":"[runtime-status] [4676] Ephemeral server survived."}}
[info] i  functions: Finished "sayHello" in ~1s {"metadata":{"emulator":{"name":"functions"},"function":{"name":"sayHello"},"message":"Finished \"sayHello\" in ~1s"}}
[debug] [2020-12-31T15:22:38.123Z] [worker-sayHello-01b6d89e-5b26-4c92-9bef-fd74bd6e5f5b]: IDLE {"metadata":{"emulator":{"name":"functions"},"message":"[worker-sayHello-01b6d89e-5b26-4c92-9bef-fd74bd6e5f5b]: IDLE"}}
[debug] [2020-12-31T15:22:38.123Z] [work-queue] {"queueLength":0,"workRunningCount":0}
